Can I call anyone?
Can I ask anybody?
Can I call anybody?
There is a table.
It's a table.
There's a table.
The child is brown.
The now is sleeping.
The child is sleeping.
He kept alone.
He kept anybody.
He filled alone.
Do the house here.
Get the out of here.
Do it out here.
No one knows it.
No one knows this.
No one knows that.
Tell me when you want.
Give me when you want.
Call me when you want.
I took him up.
I took him out.
I learned him.
I need a break.
I need a glass.
I need a drink.
The train is true.
The train is broken.
The train is angry.
You know everything.
You know everybody.
You know all the world.
I'm not big!
I'm not a big.
I'm not big.
Do you remember that.
Do you see that.
Call you that.
Tom doesn't tell you?
Tom hasn't told you?
Tom didn't tell you?
Layla go here.
Layla will be here.
Layla be here.
He has pleased.
He has plented.
He has been friends.
Are you crying?
Are you crazy?
Are you dressed?
There's a lot of money.
There are a lot of money.
There is a lot of money.
You are responsible.
You're smart.
You're responsible.
She is deprised.
She is disappointed.
She's disappointed.
Tom is a present.
Tom is a sport.
Tom is a surprised.
They're very rude.
They are very pretty.
They're very pretty.
It's only a child.
That's only a child.
This is only a child.
I like a lot.
I like lot of love.
I like a lot of love.
Are you up?
Are you read?
Are you tired?
My mother is hard.
My mother is better.
My mother is alone.
You have a second?
Do you have a second?
Are you a second?
This is a past.
This is a cost.
This is a teacher.
Do I take the door?
I'll get the door?
I'll do the door?
Tom is dead.
Tom is against.
Tom is crying.
I love this shop.
I love this bill.
I love this head.
You can't tell me everything.
You can like to tell me.
You can tell me everything.
Did you have any questions?
Do you have any more questions?
Do you have any questions?
Do you think it are?
Do you think it is?
Do you think it?
Tom was in time.
Tom was at once.
Tom was at the time.
I want to leave.
I want to talk to you.
I want to sleep.
Is that your wife?
Is this your wife.
Is this your wife?
It's terrible.
It's very smart.
That's terrible.
Don't drink enough.
No one of the floor.
No one of them.
Did you learn it?
Did you show him?
Did you understood?
You're my house.
You'll get my language.
You're my language.
They ruined it.
They desered him.
They desered it.
It won't change anything.
That doesn't change anything.
That won't change anything.
I'm glad.
I am poor.
I'm poor.
Everyone saw you
Everybody saw you.
Everyone saw you.
Get a little.
Wait a little!
Wait a little.
I go to go there.
I'll go to go there.
I'm going to go there.
I read another letter.
I hate a letter.
I read a letter.
She will me the door.
She will close me.
She closed the door.
Let's try this.
Let's try that.
Let's try it.
I am a friend.
I'm an friend.
I'm a friend.
What's the idea?
What's the idea of?
What is the idea?
He was impatient.
He was a patient.
He was patient.
Tom could do this.
Tom should do that.
Tom could do that.
Beer!
Traveling!
Park!
That's exactly.
This is correct.
That's exact.
We must give us.
We have to give us.
We need to give us.
I want to eat.
I want to talk to you.
I want to eat you.
That's very good.
This is very good.
It's very good.
You're pale.
You're smart.
You're crazy.
Call a doctor.
Call a doctor a doctor!
Call a doctor!
We want Tom to leave.
We want Tom to meet Tom.
We want Tom.
He is cold.
He did cold.
It's cold.
Bed bed
Bed at bed
Bed.
I can go on the week.
I can go to the other week.
I can go to the week.
Stay in water.
Stay out of water.
Stay out of water!
They should all they disappointed.
They should all they disgusted.
They should have disappointed.
Tell me your hell.
Let me talk your hair.
Tell me your hair.
Do you want to help you?
Would you want me to help you?
Do you want me to help you?
She hurt him.
She hurt her tears.
She took him disappointed.
Meal out the door.
Mom beer the door.
Mom out the door.
I like dogs.
I really like math.
I really like a bicycle.
You don't have, so?
You don't know, so you?
You don't know, do you?
I'm also past.
I'm also standing.
I'm so bad.
You remember my brother.
You're safe with your brother.
You remember your brother.
That was very rude.
It was very pleased.
It was very rude.
Do you know where?
Do you know where it are?
Do you know where the others?
Tom need to do that now.
Tom needed to do that now.
Tom needs to do that now.
She's telling the children.
She's singing with children.
She's singing the children.
Tom is more than me.
Tom is more older than me.
Tom is more intelligent than me.
Is he your friends?
Is it your friends?
Is there your friends?
It's very easy.
That's very easy to work.
It's very easy to work.
I don't want to eat Mary.
I don't want to answer Mary.
I don't want to drive Mary.
I'll be leaving tonight.
I'll be leaving this night.
I'll be leaving this evening.
What is this lives?
What's this cost?
What's this lives?
It makes me!
It hurry me!
That makes me!
He became back.
He filled back.
He became quickly.
He failed to vis
He failed in Paris.
He failed to visit.
He won't get you.
He doesn't feel like you.
He doesn't like you.
What are you doing to do?
What are you trying to do?
What are you going to do?
He gave me to try.
I had to try it.
He gave me to try it.
He has a few days later.
He made a few days later.
He took a few days later.
I thought you would be here.
I thought you'll be here.
I thought you'd be here.
I don't like travel alone.
I don't like traveling alone.
I don't like to travel alone.
Do you think your parents?
Do you have any parents?
Do you see your parents?
He can come anybody.
He can't change anybody.
He can come there.
I forgot to say.
I forgot to tell her.
I forgot to tell him.
Did you met him?
Did you met it already?
Did you meet him?
I'm tired of read.
I'm tired of love.
I'm tired of reading.
We have no time.
We're young for a time.
We have no idea time.
I smoke five.
I smoke black.
I smoke.
We have lost together.
We've got up together.
We lost.
What is the dog in the dog?
What is he arrived at the dog?
What's he arrived at the dog?
I'm not pale.
I'm not dead.
I'm not crazy.
They couldn't do it.
They didn't know him.
They didn't do it.
Let's get your hat.
Let's go to the fort.
Let's get your hamf.
We've been seen.
We've been against.
We were surprised.
You have changts.
You've changed a lot of advice.
You've changed a lot.
Who gave you?
Who forced you?
Who told you?
Do you know his name?
Don't you know her name?
Don't you know his name?
Is that going to me?
Does that go to me?
Is it going to me?
Tom is infused to money.
Tom is funming to money.
Tom is a lot of money.
They're not in charge.
They're not on the future.
They're not in the future.
I'm awake!
I'm serious!
I'm sorry!
Did you try this water?
Did you tried this water?
Have you tried this water?
You're pretty as Mary.
You're quite than Mary.
You're pretty than Mary.
You're too old to me.
You're too older for me.
You're too old for me.
The teacher is true.
The concert is true.
The experience is true.
I'd like to wait there.
I'd like to go to go there.
I'd like to go to go.
I've got everything.
I'm all wrong.
I have everything.
I'm really crazy.
I'm really going to fire.
I'm really staying.
He written a house.
He written another letter.
He written a letter.
Thank you, that would be all.
Thank you, that will be everything.
Thank you, that will be all.
They want to meet you.
They want to see yourself.
They want to see you.
We're in love.
We'll go back.
We're in love with my mind.
I'd like to help you so.
I'd like to help to help you.
I'd like to help you.
She seems like better.
She looks like those alone.
She seems like all alone.
I am Tom.
I'm Tom singer.
I'm Tom.
It was a present.
It was a present-smart.
It was a present woman.
You should've hurt.
You should have hurry.
You should've hurry.
Does someone like me?
When did he hear me?
When did anyone hear me?
Do you want to send?
Is it all you decious?
Is it all you like?
I don't have any old.
I don't have a shot.
I don't have a shower.
She took back his shirt.
She took back in his shices.
She returned his shirt.
How am I supposted to eat?
How do I supposed to eat?
How am I supposed to eat?
I'll play with you with you.
I'll be happy to you with you.
I'll be happy with you.
Please get up.
Please get your own laughter.
Please get your own poor.
Tom was one of the exice.
Tom was one of the experience.
Tom was the survivors.
I'm so sorry that.
I'm so shall.
I'm so bad.
You're not more than me.
You're not older than me.
You're not pretty than me.
Can you keep this?
Can you just get this?
Can you be leaving this?
I have to get your daughter.
I'm here of your daughter.
I have to find your daughter.
It's not my meal.
It's not my deal.
It's not my dead.
She doesn't even know.
She didn't even tell you.
She doesn't even said.
Don't touch this anymore.
Don't try to do that.
Don't try to do that anymore.
You're all careful!
You're all pretty nervous!
You're all nervous!
I'm very dressed.
I'm very pressed.
I'm very impressed.
I know I can do anymore.
I know I can go harder.
I know I can do more.
This is not worth.
This road is not worth.
That's not worth.
Don't take anything.
Don't get out of it.
Don't touch anything.
Better you don't want to think.
Better you don't think about that.
Better you don't think about it.
She wanted to see me again.
She has to meet me again.
She has to see me again.
I didn't know how to sleep.
I don't know how to solve.
I didn't know how to solve.
I know Tom didn't like Mary.
I know Tom don't like Mary.
I know Tom doesn't like Mary.
I'd like to come out.
I'm trying to be quiet.
I'd like to come back.
He speaks as if he knew everything.
He speaks as much as he knew everything.
He speaks as if he had everything.
I'm very dressed.
I'm very rude.
I'm very impressed.
Thank you of the village.
Thank you of the death.
Thank you.
You're in love.
You're going to be quiet.
You're in trouble.
You'll keep everything.
You'll have everything of everything.
You'll have everything.
He likes walked in the park.
He likes to marry in the park.
He likes walks in the park.
A long was missed.
A long was been killed.
A long was killed.
I think Tom is missed.
I think Tom is fair.
I think Tom is awake.
It's a good appetite.
It's a good picture.
It's a good way.
Go to her, I'll be.
Do you like her, I'll be.
Please show her.
Look at the news.
Look at the future.
Look at the company.
Tom doesn't like cry.
Tom doesn't like clean.
Tom doesn't like cats.
I lost the last time.
I lost the both of time.
I lost the same time.
Is Tom crying?
Is Tom crazy?
Does Tom still become?
He has changed.
He changed away.
He changed address.
Come with me the station.
Come with me to the station.
Come with me at the station.
Why didn't you do it?
Why don't you do that?
Why don't you do it?
Tom was a hunk.
Tom was a member.
Tom was a hunger.
I took a break.
I took a rest.
I took a walk.
The road is interesting.
The coat is interesting.
The cook is interesting.
I don't drink drink.
I don't drink out.
I don't drink.
What are you doing?
What are you doing to do?
What are you going to do?
Do you have any game?
Do you have any key?
Did you go to the sky?
I still have any things to do.
I still have some things to do.
I still have things to do.
Are you waiting for?
Do you stay in?
Are you going to help?
Tom treated a beer.
Tom has been a beer.
Tom put a beer.
We'll be a walk.
We'll be a patch.
We'll get out of me.
How much did you get up out?
How much did you get some key?
How much did you get out of key?
You'd like to be the same time.
You'll be only one who can live.
You'll be only one who wanted it.
Do you like me?
Do you want to help me?
Do you want me?
What did he did that?
What did he do that you?
What did he do you?
I think I'll take the answer.
I think I'll get the answer.
I think I know the answer.
Can you read what it said?
Can you read what this said?
Can you read what that said?
She was looking for a man.
She was working for a tight man.
She was working for a man.
These all are different.
These cods are different.
These shoes are different.
Thank you for you.
Thank you to be invinced.
Thank you.
I don't know if I can go.
I don't know if I can talk.
I don't know if I can stay.
She is looking for the car.
She's against the car.
She's looking for the car.
I wonder where Tom and Mary came.
I wonder where Tom and Mary went.
I wonder where Tom and Mary are.
What is this time to happen?
What is this time for that time?
What is this time?
Did I miss something, this morning?
Do I miss something, which morning?
Do I miss something, this morning?
What did you find for dinner?
What did you do with dinner?
What did you do for dinner?
Tom is a safe four.
Tom is a safe in the hospital.
Tom is a safe in the key.
I heard what you were good French.
I heard tell you you were good French.
I heard that you were good French.
All you must do it.
All you have to do that.
All you must do that.
What's wrong with those?
How much did these are?
What are these became?
Is it your bicycle?
Is that your bicycle?
Is this your bicycle?
She's going to do the river.
She's going to do the village.
She's going to do the trip.
I love the horse of his name.
I love the scene of her name.
I love the scene of his name.
Help me your life.
Speak me your life.
Tell me your life.
I don't remember this.
I didn't tell me that.
I don't remember that.
The film was not so bad.
The film wasn't all so much.
The film wasn't so much.
He turned the box on the table.
He asked the box on the table.
He has the box on the table.
I have a lot of people.
I have a few hospital.
I have a lot of homework.
I've seen him like the meeting.
I saw him like the deal.
I saw him like the meeting.
You're lucky of a job.
You're lucky to be a job.
You're lucky to have a job.
That's what I'll do.
It's what I'm going to do.
That's what I'm going to do.
This room has surprised.
This room is survivsed.
This room is surprised.
I know Tom is a little true.
I know Tom is a little bit.
I know Tom is a little person.
He will respect his poor.
He will respect his hotel.
He will respect his hospital.
I have a small shower.
I have a little shower.
I have a shower.
I'll keep you at the station tomorrow.
I'll give you at the station tomorrow.
I'll get you to the station tomorrow.
He was born on the floor.
He was accused of faskly.
He was born in the floor.
A traffic fell.
A traffic builet.
A traffic built.
Let's make your mind to remember.
Let's make your mind to turn.
Let's make your report.
Tom has decided the fortune.
Tom has decided to the fortune.
Tom has decided.
Tom builed his bottle.
Tom builed his box.
Tom pushed his son.
The now is sleeping a day.
The child is sleeping in a day.
The now is sleeping in a day.
I thought you'd like to be.
I thought you'll come to be.
I thought you'd be going to be.
I don't like be either too long.
I don't like to be either too long.
I don't like be paid too long.
Who would you like to talk to you?
Who do you want to talk to you?
Who would you want to talk to you?
I'm not a bike.
I'm not a nice person.
I'm not a crazy.
It was not in my intention.
It was not in my intenent.
It was not in my best.
She introduced happy.
She opened her different.
She opened the different.
I don't like your pair.
I don't like your patch.
I don't like break.
I told him not back again.
I told him not to come again.
I told him not to come back.
I want you to meet my parents.
I'd want you to meet my parents.
I'd like you to meet my parents.
My grandfriend was late.
My grandfriend was angry.
My father was angry.
You need to learn for you.
You need to learn to go.
You need to learn you.
I'm happy, I'm here.
I am happy, because you're happy here.
I'm happy, because you're happy here.
Do you like fine?
Do you like rose?
Do you like cats?
They don't live so long.
They don't want to get out so long.
They don't know so long.
Everyone was a good family.
Everyone had a good idea.
Everyone was a good idea.
What are you doing?
What are you looking for?
What are you going to write?
You should think about your opinion.
You should think about your watch.
You should think about your future.
There is no choice.
There's no experience.
There's no choice.
I know you're in love with me.
I know you're reading in love with me!
I know you're in love with me!
Your projers have a lot.
Your projers have a lot of lot.
Your projers have a lot of a lot.
That's a great killed.
This box has past.
This box is packed.
I need a shop.
I need a ticket.
I need a shower.
How did you kill up?
How did you read the keys?
How did you kill them?
It won't be easy to help you.
This doesn't be easy to forget you.
This doesn't be easy to help you.
The fish won't change today.
The fish doesn't change today.
The fish doesn't work today.
Do you think the surprise?
Do you have any surprised?
Do you think the survivary?
I know you want to go home.
I know you want to stay home.
I know you want to come home.
Does anyone speak English?
Who is the only way?
Does anyone study?
He has his uncle.
He's absent from his uncle.
He is absent from his uncle.
I want you to miss with me.
I want you to get out with me.
I want you to get up with me.
What's the rud today?
What's the builet today?
What's the sud today?
Tom didn't know how to sleep.
Tom doesn't know how to solve.
Tom didn't know how to solve.
Tom put the hair every day.
Tom hushed up every day.
Tom took up every day every day.
What is he like you?
What did he like you?
What did he like to dance?
Is there a movie of movie
Is he a movie of movie?
Is there a movie of movie?
This baby has a lot of strong.
This baby has a lot of gun.
This baby has a lot of lar.
This is why I sent you.
That's why I got up.
That's why I sent you.
You're safe, aren't you?
You're wonderful, isn't you?
You're wonderful, aren't you?
Tom promise everything to never do that.
Tom promises a lot more never do that.
Tom promise no longer never do that.
We'll never give the truth.
We'll never see the truth.
We'll never help the truth.
He's a little smart.
He is a bit as fast as I will.
It's a bit as I relied.
Tom really drinks for a lot.
Tom really lots of a lot.
Tom really looks a lot of a lot.
I'm not on the blood.
I'm not on the kises.
I'm not at the blood.
The road is the music.
The road is the museum.
The road is the music of them.
What do you think we're wasting with me?
What do you think we're crazy to me?
What do you think we're getting home?
I'm thinking to miss Tom.
I'm going to go to Tom.
I'm sorry to go to Tom.
Do you remember her phone number?
Do you want her phone number?
Do you remember his phone number?
How's the time to you?
How is the time you've been?
How is the time to you?
I'll wait in the beach.
I'll come in the beach.
I'll wait in the shower.
This poor is almost hungry.
This poor is almost very pretty.
This poor is almost pretty.
Are you telling who told me?
Are you telling who driving me?
Are you creen who forced me?
We asked me to buy the future.
We asked me to have the town.
We asked me to get the future.
This coucky has a very effear.
This couple has a terrible music.
This coucky has a very effect.
I have a few plain.
I have a few student.
I have a few hospital.
I have to get ready.
I have to find out what I can.
I have to find out as I can.
She doesn't want to get up.
She didn't want to get up.
She doesn't have to get up.
I think we're all a bit.
I think we're all along.
I think we're all a little bit.
You have a decision to try to be.
You have a decision to try to try.
You have a decision to try.
Tom played tennis after three times.
Tom playes tennis for three times by week.
Tom playes tennis after three times by week.
It is on what we saw.
It's on that we saw.
It's on what we saw.
Do you have any clear with you?
Do you have any push with you?
Do you have any pale with you?
I wanted to know why you're not done yesterday.
I wanted to know why you're not finished yesterday.
I wanted to know why you haven't done yesterday.
I played my life with my life.
I advised my life with my life.
I played the window of my life.
Mother is hard to do a cook.
Mother is watching me a shower.
Mother came to do a lie.
I looked to her.
I looked up now.
I looked up since but I saw.
You must take your dog.
You must have your dog.
You must keep your dog.
Tom told that he had to the police.
Tom told that he had to marry the police.
Tom said everything he was afraid of the police.
There's no computer.
There's no impressation.
There's no necessary.
The players is students.
The players is students for the floor.
The players are students.
Is this beer?
Is this uniness?
Is this memory?
You'd better get everything.
You'd better do everything.
You'd better come everything.
Why do you want if you want a little sure?
Why do you want if you want to eat about you?
Why would you forget if nothing about you?
Please help me the address.
Please sign me the address.
Please give me the address.
She missed a life.
She saved a life.
She lived a life.
I want you to get up.
I want you to find out.
I want you to get out.
What did you done with your camera?
What did you find with your camera?
What did you do with your camera?
I'm glad if to find the book.
I appreciate the book to find the book.
I appreciate the book to be the book.
A dog kept at the party.
A dog has a dog to the party.
A dog fell to the party.
He is more than all the teacher.
He is more than all the treers.
He is more than all the others.
I'd like to ask it out of the question.
I'd like to move out of the question.
I'd like to ask up the door.
A teacher laughed.
A teacher has been pretty.
A teacher has been prepared.
Could you explain him more than?
Could you explain it more than that?
Could you explain it more than?
This is not a cute.
It's not a matter of coming.
It's not a cute.
It's inside.
It's innocent of mistake.
It's smart as mistake.
She has been in a bottle.
She has been in a nice trip.
She has been in a past.
She must have a room with his sister.
She must buy a room with her sister.
She must buy a room with his sister.
He's a catet with that.
He's a catet with this key!
He had a catet.
How did you get better?
How do you know what is the next?
How do you know what is the light?
I went in trouble.
I went to my bicycle.
I went to the store.
Tom closed the door in his room.
Tom closed the door out of his room.
Tom closed the door of his room.
As I thought I thought the truth is.
As I thought I thought, she is a die.
As I thought I thought it is.
My car is a couple.
Nank is a couple.
Nanako is a couple.
You were afraid, didn't you?
You were afraid, aren't you?
You were afraid, isn't you?
I'm lucky to be like you.
I'm lucky to you as a friend.
I'm lucky to have you as a friend.
I'd like my husband.
I'll get my bag in my daughter.
I'd like my hat.
The mother is watching on the table.
The mother is leaving on the table.
The mother is watching the table on the table.
I know what's a game.
I know what's a smart.
I know what's a die.
There's something I must do alone.
There's something I have to do alone.
It's a thing I must do alone.
I can't believe that he was innocent.
I can't believe that he was embarrassed.
I can't believe it you were awake.
What is that yours, yours?
What is that yours, yes?
What is that yours, OK?
Some of them, that has been a great day.
A lot of fine, that has been a great day.
One of them, that has been a great day.
I can't leave you for it in all alone.
I can't let you go there in all alone.
I can't let you go there at all alone.
The love of Tom is known to Mr Mr.
The love of Tom is known to Mr Mona.
The love of Tom has known her money.
Do you have any kind of ghosts?
Do you have any kind of building?
Do you have any kind of lies?
I think the road is experience.
I think the road is experitive.
I think the road is injured.
He is exactly that she's going to school French.
He's exactly that she's going to school French.
It's not what she's going to school French.
Park is going to swim.
Park is late for the gone.
American is angry.
The women like the floor.
Women like the baby brought.
The women like the baby lots.
The whole man who lives the game.
The whole man who lives the fuck.
The whole man who lives the floor.
How much did your house in your house?
How much is your plan in your house?
How much is your house in your house?
Are you looking at the future?
Are you looking for anything to cake?
Are you looking for the future?
I like him.
I like her well.
I like it.
The health is inside to the sky.
The health is inside to the baby.
The health is inside to work.
My father don't eat any fruit.
My father doesn't eat a lot of fruit.
My father doesn't eat so much fruit.
I'm satisfied with his teacher.
I'm satisfied with his evidence.
I'm satisfied with her teacher.
I appreciate you once to see me.
I appreciate you all the time to see me.
I appreciate you to see me.
I bought this car if I had a hunk.
I bought that car if I had a girlfriend.
I bought this car if I had a girlfriend.
Do you have to miss the train.
Do you have to meet the train.
Do you like to miss the train.
I learned French before to go out.
I learned French before to go to swim.
I learned French before to go.
I've already done the same what who must be done.
I've already forward to what's going to be done.
I've already done the same thing to be done.
We were playing on a bank in the park.
We were playing on a nice hotel in the park.
We were playing on a good job in the park.
Our house and stood and we're looking for.
Our house and deal and we're looking for.
Our house and deal and we're watching us.
You're going to talk to you again.
You're going to talk to you to speak German.
You're going to talk to you at angry.
She depends up his best.
She depated up his best.
She rained her tears.
There is no idea to go to Boston.
There is no question for you to go to Boston.
There is no idea for you to go to Boston.
The company painted in the eyes who is watching.
The company paints in the eyes who is too much.
The company paints in the eyes who is watching.
All the fact, the test is decious dollars.
All the fact, the test is decious for dollars.
All the fact, the sun is enough for dollars.
Do you've read a little cook?
Do you've read a lucky cook?
Did you read a little cook?
She missed me beer.
She missed me to get up.
She missed me laughing.
How many times do you plan to pay Boston?
How much time do you plan to go to Boston?
How much time do you plan to pay Boston?
He doesn't want more more space.
He doesn't want more more expensive.
He doesn't want more sense.
Layla works the work, he went to bed.
Layla lived the work, he went to bed.
Layla, he went to bed.
I like English, but I can't speak it.
I like English, but I can't talk well.
I like English, but I can't speak well.
I've never seen my cat laughing.
I've never seen my cat of this job.
I've never seen my cat of this way.
I'm sorry, I don't hear you.
I'm sorry, I couldn't hear you.
I'm sorry, I didn't hear you.
I saw you at the river of time.
I saw you to the TV of time.
I saw you in TV TV.
The baby began to her.
The baby began to her again.
The baby began to the same.
It's a difference bet, isn't it?
It's a difference person, isn't it?
It's a difference betweight, isn't it?
The baby were improved.
The baby were improve.
The baby were impressed.
The little girl doesn't do anything.
The little girl doesn't know anything to be.
The little girl doesn't know anything.
I can go to school for ten minutes.
I can go to school at the ten minutes.
I can go to school in ten minutes.
What do you say to join me?
What do you say of me to buy dinner?
What do you say to joat me for dinner?
He won't be able to make Tom.
He won't be a decision to do with Tom.
He won't be pretty about Tom.
What does she bought this store?
What did she bought this store?
What did she buy this store?
We'll pay all the world in the world.
We're looking for the world in the world.
We'll visit the world in the world.
Does I can use this paper?
Are I going to use this paper?
Do I can use this paper?
I don't know where I think.
I don't know where to go, the news.
I don't know where I'm going to go.
I had to get up your daughter.
I was abrote at the hospital.
I was feeling on the river.
They cannot give me what I want.
They can't ask me what I want.
They can't give me what I want.
I want to return to you.
I want to return to you for me.
I want to ask you for me.
The mother's looking for a bank.
The mother is looking for a baby.
The mother is looking for a bank.
I have to get up to your success.
I have to cake you to your success.
I have to cake you for your success.
You don't think you don't like this.
You won't tell me what you like that.
You don't think you don't like that.
Let's walk in 203.
Close the news in 20times.
Close the news in 2000.
This word is a name and a hat time.
This word is a name and a good time to the time.
This word is a name and one of the time.
I think you should get out of you.
I think you should get out of this.
I think you should get out of here.
Tom doesn't want the same thing.
Tom doesn't want to see the same time.
Tom doesn't want the same thing to return.
I like trouble-past.
I like trouble-pants.
I like trouble in trouble.
Tom told that he didn't saw him.
Tom said that he didn't saw her.
Tom said that he didn't saw him.
The baby will be plained.
The baby will be plaining a great water.
The baby will be a great address.
I can't help me of you.
I can't help me like it.
I can't help me for you.
He decided to decided his wife.
He decided to decided his law.
He decided to decide his wife.
All you must do, this is to learn this sentence.
All you must do, this is to do that sentence.
All you must do, this is telling this sentence.
I think you don't have to cake up.
I think you don't have to clean up.
I think you don't have to clean it.
The boy tried to swim out.
The boy tried to disappointed the key.
The boy tried to disappointed him.
I appreciate the details.
I appreciate the experience.
I appreciate the manager.
In this moment, there is no longer than here.
In this moment, there is no place more than here.
In this moment, there's no place more than here.
Someone are going to swim in his mother.
Someone's going to swim in his mother in his mother.
Someone's going to swim in his mother.
Is it possible to be a natural game?
Is it possible to be a natural upoor?
Is it possible to be a natural men, isn't it?
"What would you do?
"What could you do?"
"What did you do?
He is instrucable on his work.
He's instrucable on his work.
He's instructed on his work.
Not need to buy this sentence.
Don't need to transte this sentence.
Don't need to buy this sentence.
I can teach you a little money, if you need.
I can teach you a little money, so you need.
I can tell you a little money, if you need.
I was inside that he was in French.
I was innocent what he was in French.
I was taken what he was in French.
Meal on the future of the future.
Meal out of the future on the future.
Meal on the future on the future.
She opened the future of the floor.
She opened the experience experience.
She opened the future of the present.
The scene fell to swim in Italy.
The scene fell to swim in Icity.
The scene fell to swim.
"Is he a die?
"Is he a die?" "He is in life.
"Is he a die?" "He is in life."
Americy is on TV on TV, and.
Americy is on TV in TV, and.
Americy is back on TV, and smart.
Get up of you things you don't like.
Get up for things you don't want to kill.
Get up.
Japanese agreed on a day.
Japanese agreed on a day with a day.
Japanese students have a great time by day.
This type of chance to be involved.
This type of question like to be involved.
This type of chance like to be involved.
He is the full of the future of the door.
He is the future of the future of the floor.
He is the future of the future of the door.
I admit to go to my grandmother.
I admit on my grandmother to my mother.
I'm looking forward to my grandmother.
The neighstation covered in a window.
The neightarse is known by a window.
The neighstation covered by a window.
Do you want to sleep, new you?
Do you want to kill, are you?
Do you want to kill, new you?
She's afraid of the floor with a beer.
She's afraid of the floor with a coat.
She's afraid of the floor with a cook.
I was too gaining for the eyes in the eyes.
I was too faste for the eyes in the eyes.
I was too fasted for the eyes in the eyes.
Layla his name for the decision.
Layla took his name for the decision.
Layla took his name for the future.
Oh, I don't have decided what I can do.
Oh, I don't have to decide what I can do.
Oh, I don't have said to do that.
My grandfather has been hungry in my heart.
My grandfather have been good in my heart in my heart.
My grandfather fell in my heart in my heart.
This class is learning to killed his story.
This class is learning to kiss his story.
This class is learning to killed his family.
There is a lot of students in the girls.
There's a lot of students in the girls.
There are a lot of students in the girls.
"What did you do?
"What would you do?
"What did you do?"
He's going to swim as I am.
It's going to swim as I am singing.
It's going to swim as I am.
Tom doesn't have enough money to buy it.
Tom doesn't have enough money to buy anything.
Tom doesn't have enough money to buy everything.
Do you know the scars?
Do you have any kind of construction?
Do you have any kind of girls?
Do your car kiss a drink?
Do your car kiss a road?
Do your car kiss a bottle?
His house is the house of the station?
His house is down in the station of the station?
His house is in the station of the station?
How many times are there in your class?
How many times is in your class in your class
How many times is there in your class?
His news are flowing with toys.
His news are back to the flowers.
His news are raining with toys.
You can't be pleased to you that.
You can't be prepared to you this.
You can't be pleased to you this.
I had to get up my car in a place.
I had to reciate my car in a place.
I had to spend my car in a place.
I need to know your answer for you.
I need to know your answer for home.
I need to know your answer.
Please give me a new time by day.
Please give them to take a new day.
Please give yourself a new time by day.
He doesn't like wait for work for something.
He doesn't like wait for the last time to do something.
He doesn't like wait for work to do something.
I can't promise me, but I can do with my best.
I can't promise anything, but I can do with my best.
I can't promise anyone, but I can do with my best.
It must be the morning, but the cats.
It must be the morning, but the floor.
It must be the morning, in the morning.
He doesn't like wait for work for something.
He doesn't like wait for the last time to do something.
He doesn't like wait for work to do something.
Don't lie to you.
Don't worry you.
Don't ask you.
I rereciate you as a key.
I rereciate you as a keys.
I rereciate you as a safe.
Seen more than French, that looks very good.
Seen more than French, it looks very good.
Seen of the world, this death is very good.
I learned to play the road.
I learned to play of the store in ten years.
I learned to play of the museum.
I have no idea what we do to do.
I had no idea what we have to do.
I have no idea what we have to do.
I was working hard but but he had a lot of work.
I was working hard but but he had a lot of meen.
I was working hard but but he had to learn.
You should get into the news every day.
You should get up at the fire every day.
You should get up on the news every day.
You can't tell you in your mind.
You can't ask you for your mind.
You can't kill you in your mind.
It's just going to do that problems.
He arrived to do that us problems.
He arrived to do that problems.
This movie is so easily what it's broken.
This movie is so different than that he is broken.
This movie is so easily as it is broken.
I didn't know why I was choice to do that.
I didn't know why I had no choice to do this.
I didn't know why I had no choice to do that.
You can't buy this medicine.
You can't buy this word without order.
You can't buy this chance.
Did you have any salad Janese?
Did you have any last name, Janese?
Did you have any salad last year?
One of a little longer is a little bit.
One of a little longer is a bit faster.
One of a little longer is a little faster.
I think it's time for me to do that food.
I think that it's time for me to get that food.
I think it's time for me to get that food.
He called his father of his father is high.
He called his father of his father is involved.
He called his father of his father's health.
Americans, the blood, and the scene of the baby is a great experience.
Americans, the blood, and the scene of the baby is a great experience of course.
Americans, the blood, and the scene of the baby is a great experience of a great experience.
The presiest has had been trying to take the news of his promises.
The presiest has had been trying to make the news of his promises.
The presiest has had been trying to make the future of his promises.
In Japan in Japanese is a natural woman, and the hotel and deal, and they are all things.
In Japan in Japanese is a natural woman, and the hotel and deal, and they are all the world.
In Japan in Japanese is a natural woman, and the hotel and deal, and they are all the world to understand.
This death is known to swim, but I don't want to meet this.
This death is known to swim, but I don't know what she's going to get out of this.
This death is known to swim, but I don't want to get out of this.
Let's call a cat at a cat lacm in the political American.
Let's call a cat at a cat lacm in the political American America.
Let's call a cat at a cat lacm in the political America.
It's funning to the sky of the Internel of the Internel of the Internel.
It's funning to the sky of the Internet of the Internel of the Internel of the Internel.
It's funning to the sky of the Internet of the Internel of the Internel.
In a lot of view, but he's impressed to learn, he is impressed.
In a lot of view, but he's impressed to learn, he is impressed for a speech.
In a lot of view, but he is impressed for a speech.
For a raining memory, he must have pleased of the world, he must have pleased to protect.
For a raining memory, he must have pleased of the Europe, he must have plented to protect.
For a raining memory, he must have pleased of the Europe, he must have pleased to protect.
I've never seen a teacher to do that you'd be disappointed for a tire.
I've never seen a teacher to do that you'd be disappointed for a case.
I've never seen a teacher to do that you'd be disappointed for a ticket.
The neightors were extended to make a trip of the company.
The neightors were extended to make a trip of the hotel in this summer.
The neightors were extended to make a trip of the hotel.
I don't think you're going to go to me in a hotel?
I don't think you're going to go to me in a shop?
I don't think you're going to go to me.
What he didn't have to solve the only one of this word, he would be a word.
What he didn't have to solve the only one of this wine, he had a house.
What he didn't have to solve the only one of this way.
I have a few questions, as I'm in a book with a book.
I have a few questions, as I wish to a book with a book.
I have a few questions, as I wrote a book.
The company was really smart, but it would be it.
The company was really short, but it will be surprised.
The company was really short, but it would be surprised.
Experience are often painting with their eyes.
The experience are often painted with their eyes.
Experience are often painted with their eyes.
This reasons the village of the gone of the floor.
This reasons the village of the gone of the case of life.
This reasons the village of the gone of the city of life.
I read the same meal, it's a woman.
I read the same meal, it's a woman woman.
I read the same meal, he is a woman woman.
When I went to the university, I still have difficulty before.
When I went to the university, I still have difficulty years old.
When I stured the university, I still have difficulty years old.
How can we be quiet with the world!
How can we be serious with him.
How can we be quiet with the world.
Tom introduced clegally and building in the village.
Tom introduced clegally and covered in the scene.
Tom introduced clean and building in the village.
John was glassed me to call her, so they decided to him without him.
John was glassed me to call her, so they decided to her without him.
John was glassed me, so they decided to him without him.
After the glass of his parents, Anand and his father was the only one of her.
After the glass of his parents, Anand and his father was the only one of his brother.
After the glass of his parents, Anand and his father was the only way.
You should choose a job with your deal with you.
You should choose a job with your feet and deal.
You should choose a job with your feet.
Let's take this book, I learned all things for the teacher.
Let's take this book, I learned this thank to your efforts.
Let's take this book, I learned in this teacher.
The future of the most popular is the popular. "
The future of the most popular is in "dead."
The future of the most popular is the future. "
You need to have a lot of address to be a tire.
You need to have a lot of address to be a lot of trouble.
You need to have a lot to be a lot of view.
The last thing I want to do is drink.
The last thing I want to do is beer.
The last thing I want to do is care of our problems.
There was always too much sugar in his own.
There was always too much sugames in his own.
There was always too much suges in his own.
I stayed on my old friends at the party.
I stayed on my old way to the party of the day.
I stayed on my old way to the party of the other day.
The others can't guess what's true.
Animals can't solve what who's true.
The others can't solve this who is true.
She is broken the older than experience than everybody.
She is broken the older than experience than they live.
She broke the older than experience than they live.
My mother and the mother and she is tired, and she went to the house.
My mother at the hush and she is tired to the house when she's waiting for the house.
My mother at the hush and she is tired from the house.
And more one of a piece, she was a painting.
And more one of a piece, she was an inside.
One of a short, she was a painting.
The teacher students on the class of the class.
The fuck students on the clear of the class.
The fuck students on the class of the class.
The summer was the last man to make it.
The summer was the last way to make the news.
The summer was the last top of the summer.
The fort of Nort of Nap was born in Moo.
The fort of Nort of Nap was born in Modo.
The fort of Nort of Nap of my keys.
I'm sorry I didn't want to make you mind.
I'm sorry I don't want to make you what you need.
I'm sorry I don't remember you.
Yes, the future of a great experience.
Though, the future, the future looks like a big tree.
Though, the future, the future looks like a big daughter.
It's not as the heavy as the teacher who gives me.
It's not as the heavy as the teacher who is waiting for me.
It's not as the heavy than the theater.
He broke the half in making.
He broke the half in making making.
He broke the half in this destination.
This is the house of the house when he was child.
It's the house of the house when he was child.
It's the house of the house that he was child.
If you don't have a short, they are involved.
If you don't have a short, they will have pleased.
If you don't have to carry up, they are involved.
Those who were broken-deo.
Those who were broke-safe.
Those who were broken-safe.
Nah! What's something to do something?
My grandmother is afraid of thing to eat there?
My grandmother is afraid of a good thing?
Tom, who is taller, could just do anything for me.
Tom, who is taller, but to make anything for me.
Tom, who is taller, but to do anything for me.
The children are going to swim in the beach.
The children are going to swim in the class.
The children are going to swim in the city.
"Look, a die!" America!
"Look, a lover!" America!
"Look, a teacher!" America! "
"Heart and" all the same teacher.
"Heart and" "how of course will be disappointed.
"Heart and" all the same teacher. "
I suppose that's different when you have to get to the keys.
I suppose that's difference when you have to get to the keys.
I suppose that's different when you have to go to the keys.
I always got a good teacher in my poor.
I always got a good teacher in the bag.
I always got a good teacher in my poet.
The story of this baby is drunk from 20.
The story of this baby is drunk from 2000 old.
The story of this baby is drunk of 20 years old.
