I have a lot of people to travet.
Park is going to swim in the future.
You're quite than Mary.
I don't know if I can talk.
Do you've read a little cook?
Tom is drying.
I'm also past.
The women like the flocing blood.
This is very good.
You'd better get everything of wine.
I want you to get out of danger.
This baby has a lot of front.
I'd like to wait there.
Tom is a surprised.
I like a lot.
The coat is interesting.
They don't want to spend so long.
A teacher has been pretty.
Do I miss something, will it?
It's on that we saw.
Thank you for you.
He likes to walk in the park.
These all are different.
Do the house here.
I've seen him like the meeting.
What did you find with your camera?
You were afraid, aren't you?
Do you have a second?
After the glass of his parents, Ankly, and his father was the only one of her.
I want to talk to you.
I'd like to move up the door.
I am happy, because you're happy here.
I admit on my grandmother to my grandmother.
Tom is more early than me.
She's telling the children.
The concert is true.
We were surprised.
I took a bad.
Thank you, that will be everything.
The child is sleeping in a day.
The now is sleeping.
He turned the news.
There's something I have to do alone.
I'm glad to keep the book.
They should all they decied.
He won't get you.
How is the time you've been?
You're too old to me.
She looks like the only way.
I was injured that he was in French.
Is that your bicycle?
He doesn't like wait for work for something.
Do you see that.
Is this your wife.
She is looking for the car.
Tom was a game.
The train is true.
What are you trying to do?
She was looking for a man.
Tom needed to do that now.
No one knows this.
Let's get your hat.
He is a bit as fast as I will do.
Do you know where it are?
Tom doesn't know how to solve.
They won't do it.
Stay out of water.
You should have hurry.
I've been trying to marry the floor.
I'm sorry I don't want to make you what you need to.
Does that go to me?
This word is a name and a sat at the time.
This type of question like to be involed.
Do it a movie of movie?
He will respect his hotel.
The presiest has had been trying to make the future of his promiss of the hospital.
You're my language.
The boy tried to swim out.
I have everything.
To make a poet of a poor, he must have pleased to protect.
He broke the half in the use of this cake.
A teacher students, the floor of the class.
I'll go to go there.
I'm tired of love.
You're all pretty nervous!
What is this time to happen?
It's terrible.
Can you read what this said?
That's only a child.
She doesn't have to cry.
I think I'll get the answer.
Do you want her phone number?
I still have some things to do.
I'm not a nice person.
He is the future of the future of the flower.
Are you tired?
The company was really safe, but it will be survivsed.
Can you try this?
Who do you want to talk to you?
They are very rude.
You're lucky to be a job.
Tom is a safe in the hospital.
You can't keep it to you that.
His news are raining with the flowers.
You're pale.
He decided to decide his project.
I love the scene of her name.
I'm glad to decive his present.
How many times is in your class in your class?
This doesn't be easy to forget you.
I know Tom is a little bit.
This death is known to swim, but I don't know what she's going to get out of this.
I have a few questions, as I wish, as a book with a book.
She is broken the older than experience than they.
Let's play your mind to turn.
This cake will covered the task of life.
The last thing I want to do is care of them.
How did you kill the keys?
What do you say to joat me to dinner?
I'm not a big.
He became out.
It was a present.
Do your car kiss a drink from?
I read a letter.
He was patient.
"Is he a die?" "He is in life.
Do you have any kind of ghosts?
The baby began to her.
I want to return to you.
Tom promise everything to never do that.
"What did you do?" "I have a year.
You should get up at the fire of all day.
He's instructive on his work.
"Heart and" all the same memory.
I had that car if I had a girlfriend.
I need a shop.
In Japanese is still a natural paper, and the most people are all of the company.
I don't like traveling alone.
It's what I'm going to do.
He doesn't like wait for work for something.
You should choose a job with your deal with your deal.
Don't lie to you. It's complaint.
I know what's a scheess.
Do you have any favorite?
She injured a life.
He doesn't want more more experience.
She hurt him.
This box has past the key.
Why don't you do that?
I'll get my bag in my dad.
Beer!
Come with me the station.
He won't be a decision to talk with Tom.
No one of the floor.
The experience are often painted with their eyes.
You'll be only one who'd see him.
I'll do it?
I'd like you to meet my parents.
I can't lie to you to go.
It's a difference person, isn't it?
Layla, he went in bed.
"What would you do?
Do you have any understood?
Don't you know her name?
I had to catch my car in a place.
That doesn't change anything.
Do you have the surprise?
Meal on the catest on the future.
The mother is leaving on the table.
You need to have a lot to be a lot of advice to be a tire.
It's going to swim as I have a girlfriend.
Don't touch anything.
I'm serious!
I rereciate you as a key.
Thank you.
Are you looking for anything to save?
I can go to the other week.
Someone's going to swim in his mother and his mother.
How can we be serious with the world.
Do you think it?
I'm lucky to you as a friend.
The summer was the last man to make it.
They cannot give me what I want.
That was very rude.
All the fact, the test is friending.
I don't know where to go, five.
What's the idea?
I think Tom is failed.
Is someone going to tell me?
We'll never see the truth.
What do you think we're safe with me?
Layla Landed his name for the decatest.
This poor is almost along.
You're going to work so much.
Layla go here.
This couple has a terrible music.
There are a lot of student in the girls.
A long has been killed.
I'm sorry, I couldn't hear you.
Is it all you diswer?
Tom, who is taller, but to do anything to me.
What's the builet today?
I have a shower.
I learned to play of the store in ten years.
I think you should have a great way.
How do you know what is the floor?
Oh, I don't have to decided that I can do.
A dog has a dog to the party.
We want Tom.
He is more than all the teacher.
I'm not on the kises.
She didn't even tell you.
I have to get ready.
The little girl doesn't know anything to be careful.
Tell me your hair.
I can't promise you but I can do with my best.
All you must do, this is to learn this sentences.
I learned French before to go to swim.
I've never seen my cat of this job.
Did you met it already?
This room is survivsed.
I told him not back again.
How much did you get up?
I'm very pressed.
You're safe with your brother.
My father won't eat any fruit.
Not need to buy this sentence.
He was born on the sugar.
He failed to rain.
She's going to do the danger.
You like to sake everything.
I want you to get out with me.
They're not at the future.
She must buy a room with her sister.
I need a drink.
I'm very pressed.
I appreciate you once to see me.
He's a catet with this blow.
If you don't have a short, they are not plented.
He arrived to do that us problems.
There is a table.
He called his father of her father is involved.
She is deprised.
I can teach you a little money, so you need.
I'm Tom singer.
Bed at bed!
You are responsible.
I heard tell you you were good French.
His house is she beer from the station?
All you have to do that.
I thought you'll be here.
Why do you want if you want to eat about you?
This movie is so different than that he is broken.
Tom said that he didn't saw her.
I can't let you leave in all alone.
Sent_id 255 not in dictionary
Tom doesn't tell you?
She depped his best.
Tom told that he had been to the police.
I can go to school for ten minutes.
I lost the last time.
She walked to me.
Those who were broken-scars.
We have lost together.
Tom doesn't like cry.
Tom shoes up every day.
Do you want me to help you?
Look at the future.
We'll take a shop.
The road is the music.
Tom has decided to the fortune.
There's no really to go to go to Boston.
What's this cool?
Tom is funming.
The love of Tom is known to Mr Mona.
The story of this case of this killed has been sucked.
The road is safe-sety.
I don't like your pair.
What does he like to dance?
Can I use this paper?
She injured.
We'll pay the world in the world.
Though, the future, the future looks like a great kiss.
The mother is looking for a baby.
The players is students.
I smoke pale.
Please help me the address.
Do you like Rusles?
I like English, but I can't talk well.
I didn't know why I had no choice to do this.
I thought you'll come to be.
It's not my delf.
You have a decision to keep you.
Tom doesn't have enough money to buy anything.
The others can't cook what's true.
There is no choice.
It's not a cup of red.
I'm here of your daughter.
They want to see you.
The fort of Nort of Nap was born in Modo.
I don't like be late.
She took back to his shirt.
I took him.
The neighstation is known by a window in a window.
What is that yours, yes?
My mother, the mother and his mother and she is tired from the house.
What is the dog in Japan?
You don't have, so?
It must be the morning, in the morning.
What are you looking for?
A traffic fell.
What he didn't have to solve the only one of this wine, he asked to be a house.
Do you have any doucard?
Is it possible to be a natural men?
This class is learning to kiss his family.
Let's walk in 2000.
Tom was at once.
Do you want to sleep, new you do?
The children are going to swim in the town.
I wonder where Tom and Mary went.
Let's try that.
She opened the experience experience.
This road is not smile.
I think the road is experitive.
It was not in my intentions.
There are a lot of money.
She's afraid of the floor with a coat.
Americy is back on TV, and swim.
Japanese students have a great time for time.
He is exactly what she's going to school French.
She has been in a bag.
I looked out but but I saw.
Everyone had a good idea.
You're not sure than me.
I'm so going to return.
He can come to work.
You have to leave your dog.
Go to his her, I'll be.
I don't think you're going to go to me in a hotel.
The health is inside to the baby.
Tom playes tennis after school after three times.
I want to talk to you.
He made a few days later.
It's not as the heavy as the teacher who is waiting for me.
I saw you at the TV of time.
Tom doesn't want to see the same time.
I've got a few student.
I read the same meal, it's a woman. She's a woman.
The most longer is the populing of the language.
They desered him.
This is the house of the house that he was the house.
Speak me your life.
I really like a bike.
It's a good mother.
I'm thinking of the mounage to Tom.
Is that kind of cost?
He is absent from his power.
Are you telling who gave me?
Who told you?
I don't drink out.
You can tell me everything.
John knew the meal, so they decided to decide her without him.
Mom beer the door.
When I went to the university, I've got a past before.
Tom could do that.
I don't have a past.
I am poor.
Tom has been a bike.
It's smart as their eyes.
You should think about your watch.
Do you have any more questions?
You're smart.
She missed me lacked.
I always got a good teacher in the poet.
The ross were improved.
I had to try it.
My mother is better.
You have no idea time.
This is a list.
Mother is watching me to do a shop.
In this moment, there is no place more than here.
I like the well. It's a speef.
Does anyone speak?
I didn't tell me that.
He written a letter.
Does Tom become crazy?
Do you like?
Are you crazy?
I'll be happy with you.
The neightors were experienced to make a trip of the Euroination.
It's funning to the sky of the Internel of the Internel of the Internel of the Internel.
I stayed on my old car in the party.
Most more one of course, she was a tight.
Your projers have big a lot.
I'm really going to fire.
You can't buy this word without order.
I think you don't have to catch the sea.
I'm a friend.
I'll give you at the station tomorrow.
I know you're in love with me.
I went to the store in the store.
My grandfriend was late.
You need to learn to go.
How do I supposed to eat?
I like trouble-pants.
This is correct.
This is why I sent you.
I'd like to help to help you.
How much did your house in your house?
Don't kill that anymore.
Seen of the world, this death is very beautiful.
What are these covered?
Tell me when you want.
My grandmother is afraid of thing to eat there?
I can't believe it would you.
Tom closed the door in his room.
What did you do with dinner?
I'll come in the beach.
Call a doctor!
As I thought I thought that she's a god.
He has changed for address.
I forgot to tell her.
Tom was one of the exice.
It's very easy.
I suppose that's difference when you have to get to the keys.
I've already done the same what who needs to be done.
We're in love with my danger.
The film was not so bad.
I know you want to stay home.
The fish doesn't be today.
What did he do you?
I don't know how to solve.
The whole man who lives the fuck.
One of a little longer is a little bit faster.
I was too fasted for the eyes to the eyes.
A lot of view, I wish, but he's impressed for a divatication.
I played my life with Boston.
She has to meet me again.
I'll be leaving this night.
We asked me to get the movie.
We were playing on a good cool in the park.
My grandfather has been good in my heart in my heart.
Nank is a couple.
Please give them to take a new time.
You're wonderful, isn't you?
Let's take this book, I learned all things in this teacher.
Are you going to parents your parents?
Get up for things you don't want to be.
There's no impress.
I don't want to answer Mary.
Our house and dead and we're waiting for.
Let's call a cat at a cat lacm in the political American America.
You can't ask you for your mind.
What are you doing?
Do you've been advised the Mr?
He speaks as much as he knew everything.
I wanted to know why you're not finished yesterday.
I love this bill.
I need to know your answer for home.
I'd like to come out.
I was abrote in the TV.
You've changed a lot of advice.
How much time do you plan to go to Boston?
Do you have any push with you?
I know Tom don't like Mary.
Did you tried this water?
Everybody helped.
The experience will be a great address.
Can I call anyone?
There was always too much sugames in his own.
Could you explain him more than?
He has a large.
He did cold.
Do you have to meet the train.
I think we're all a bit laughter.
"Look, a die!" Oh! "
I've never seen a teacher to do that you'd be disappointed for a case.
Is it your friends?
What did she bought this store?
Wait a little!
That makes me!
I was working hard but but only one of the way.
I think it's time for me to get this evenation.
I have to cake you for your mind.
Better you don't think about that.
I'm not dead.
Tom really looks a lot of mediately.
You're going to talk to you to speak in public.
Tom introduced cleged and building in the strees.
You know everything.
I had no idea what we have to do.
You won't tell me what you like that.
A lot of books, it was a great day.
He understood on the table.
Do you know what you're doing?
Americans, the blood, and the scene of the baby is a great experience of a second space.
Tom builed his fell.
The ticket out of the eyes of the world is too.
We have to give us.
Dummy sentence 0
